<?xml version="1.0" encoding="UTF-8"?>
<!-- Generated by org.testng.reporters.JUnitReportReporter -->
<testsuite name="base.TestBase" tests="1" time="2.163" ignored="0" failures="0" timestamp="08 Mar 2018 17:46:13 GMT" skipped="0" hostname="Mds-MacBook-Pro-3.local" errors="0">
  <testcase name="sampleTest" time="2.163" classname="base.TestBase"/>
</testsuite> <!-- base.TestBase -->
